<?xml version="1.0" encoding="UTF-8"?>
<testng-results ignored="0" total="5" passed="4" failed="1" skipped="0">
  <reporter-output>
  </reporter-output>
  <suite started-at="2026-04-14T16:09:09 IST" name="Default suite" finished-at="2026-04-14T16:09:24 IST" duration-ms="14253">
    <groups>
    </groups>
    <test started-at="2026-04-14T16:09:09 IST" name="Default test" finished-at="2026-04-14T16:09:24 IST" duration-ms="14253">
      <class name="MoreTools">
        <test-method is-config="true" signature="setUp()[pri:0, instance:MoreTools@7cc0cdad]" started-at="2026-04-14T16:09:09 IST" name="setUp" finished-at="2026-04-14T16:09:11 IST" duration-ms="1449" status="PASS">
          <reporter-output>
          </reporter-output>
        </test-method> <!-- setUp -->
        <test-method signature="verifyMemeGeneratorPageUI()[pri:1, instance:MoreTools@7cc0cdad]" started-at="2026-04-14T16:09:11 IST" name="verifyMemeGeneratorPageUI" finished-at="2026-04-14T16:09:13 IST" duration-ms="1878" status="PASS">
          <reporter-output>
          </reporter-output>
        </test-method> <!-- verifyMemeGeneratorPageUI -->
        <test-method is-config="true" signature="tearDown()[pri:0, instance:MoreTools@7cc0cdad]" started-at="2026-04-14T16:09:13 IST" name="tearDown" finished-at="2026-04-14T16:09:13 IST" duration-ms="155" status="PASS">
          <reporter-output>
          </reporter-output>
        </test-method> <!-- tearDown -->
        <test-method is-config="true" signature="setUp()[pri:0, instance:MoreTools@7cc0cdad]" started-at="2026-04-14T16:09:13 IST" name="setUp" finished-at="2026-04-14T16:09:14 IST" duration-ms="869" status="PASS">
          <reporter-output>
          </reporter-output>
        </test-method> <!-- setUp -->
        <test-method signature="verifyColorPickerPageUI()[pri:2, instance:MoreTools@7cc0cdad]" started-at="2026-04-14T16:09:14 IST" name="verifyColorPickerPageUI" finished-at="2026-04-14T16:09:15 IST" duration-ms="1524" status="PASS">
          <reporter-output>
          </reporter-output>
        </test-method> <!-- verifyColorPickerPageUI -->
        <test-method is-config="true" signature="tearDown()[pri:0, instance:MoreTools@7cc0cdad]" started-at="2026-04-14T16:09:15 IST" name="tearDown" finished-at="2026-04-14T16:09:15 IST" duration-ms="146" status="PASS">
          <reporter-output>
          </reporter-output>
        </test-method> <!-- tearDown -->
        <test-method is-config="true" signature="setUp()[pri:0, instance:MoreTools@7cc0cdad]" started-at="2026-04-14T16:09:15 IST" name="setUp" finished-at="2026-04-14T16:09:16 IST" duration-ms="872" status="PASS">
          <reporter-output>
          </reporter-output>
        </test-method> <!-- setUp -->
        <test-method signature="verifyRotateImagePageUI()[pri:3, instance:MoreTools@7cc0cdad]" started-at="2026-04-14T16:09:16 IST" name="verifyRotateImagePageUI" finished-at="2026-04-14T16:09:18 IST" duration-ms="1598" status="PASS">
          <reporter-output>
          </reporter-output>
        </test-method> <!-- verifyRotateImagePageUI -->
        <test-method is-config="true" signature="tearDown()[pri:0, instance:MoreTools@7cc0cdad]" started-at="2026-04-14T16:09:18 IST" name="tearDown" finished-at="2026-04-14T16:09:18 IST" duration-ms="146" status="PASS">
          <reporter-output>
          </reporter-output>
        </test-method> <!-- tearDown -->
        <test-method is-config="true" signature="setUp()[pri:0, instance:MoreTools@7cc0cdad]" started-at="2026-04-14T16:09:18 IST" name="setUp" finished-at="2026-04-14T16:09:19 IST" duration-ms="856" status="PASS">
          <reporter-output>
          </reporter-output>
        </test-method> <!-- setUp -->
        <test-method signature="verifyFlipImagePageUI()[pri:4, instance:MoreTools@7cc0cdad]" started-at="2026-04-14T16:09:19 IST" name="verifyFlipImagePageUI" finished-at="2026-04-14T16:09:21 IST" duration-ms="1728" status="PASS">
          <reporter-output>
          </reporter-output>
        </test-method> <!-- verifyFlipImagePageUI -->
        <test-method is-config="true" signature="tearDown()[pri:0, instance:MoreTools@7cc0cdad]" started-at="2026-04-14T16:09:21 IST" name="tearDown" finished-at="2026-04-14T16:09:21 IST" duration-ms="146" status="PASS">
          <reporter-output>
          </reporter-output>
        </test-method> <!-- tearDown -->
        <test-method is-config="true" signature="setUp()[pri:0, instance:MoreTools@7cc0cdad]" started-at="2026-04-14T16:09:21 IST" name="setUp" finished-at="2026-04-14T16:09:22 IST" duration-ms="854" status="PASS">
          <reporter-output>
          </reporter-output>
        </test-method> <!-- setUp -->
        <test-method signature="verifyImageToTextPageUI()[pri:5, instance:MoreTools@7cc0cdad]" started-at="2026-04-14T16:09:22 IST" name="verifyImageToTextPageUI" finished-at="2026-04-14T16:09:23 IST" duration-ms="1816" status="FAIL">
          <exception class="org.openqa.selenium.NoSuchElementException">
            <message>
              <![CDATA[no such element: Unable to locate element: {"method":"xpath","selector":"//*[contains(text(),'Recognized text will appear here')]"}
  (Session info: chrome=146.0.7680.178)
For documentation on this error, please visit: https://www.selenium.dev/documentation/webdriver/troubleshooting/errors#nosuchelementexception
Build info: version: '4.41.0', revision: '9fc754f'
System info: os.name: 'Windows 11', os.arch: 'amd64', os.version: '10.0', java.version: '21.0.10'
Driver info: org.openqa.selenium.chrome.ChromeDriver
Command: [5a2fb3d08b9f29d1d700e9e05c2361f8, findElement {value=//*[contains(text(),'Recognized text will appear here')], using=xpath}]
Capabilities {acceptInsecureCerts: false, browserName: chrome, browserVersion: 146.0.7680.178, chrome: {chromedriverVersion: 146.0.7680.165 (4b989da09e1..., userDataDir: C:\Users\Sathi\AppData\Loca...}, fedcm:accounts: true, goog:chromeOptions: {debuggerAddress: localhost:50278}, goog:processID: 11680, networkConnectionEnabled: false, pageLoadStrategy: normal, platformName: windows, proxy: Proxy(), se:cdp: ws://localhost:50278/devtoo..., se:cdpVersion: 146.0.7680.178, setWindowRect: true, strictFileInteractability: false, timeouts: {implicit: 0, pageLoad: 300000, script: 30000}, unhandledPromptBehavior: dismiss and notify, webauthn:extension:credBlob: true, webauthn:extension:largeBlob: true, webauthn:extension:minPinLength: true, webauthn:extension:prf: true, webauthn:virtualAuthenticators: true}
Session ID: 5a2fb3d08b9f29d1d700e9e05c2361f8]]>
            </message>
            <full-stacktrace>
              <![CDATA[org.openqa.selenium.NoSuchElementException: no such element: Unable to locate element: {"method":"xpath","selector":"//*[contains(text(),'Recognized text will appear here')]"}
  (Session info: chrome=146.0.7680.178)
For documentation on this error, please visit: https://www.selenium.dev/documentation/webdriver/troubleshooting/errors#nosuchelementexception
Build info: version: '4.41.0', revision: '9fc754f'
System info: os.name: 'Windows 11', os.arch: 'amd64', os.version: '10.0', java.version: '21.0.10'
Driver info: org.openqa.selenium.chrome.ChromeDriver
Command: [5a2fb3d08b9f29d1d700e9e05c2361f8, findElement {value=//*[contains(text(),'Recognized text will appear here')], using=xpath}]
Capabilities {acceptInsecureCerts: false, browserName: chrome, browserVersion: 146.0.7680.178, chrome: {chromedriverVersion: 146.0.7680.165 (4b989da09e1..., userDataDir: C:\Users\Sathi\AppData\Loca...}, fedcm:accounts: true, goog:chromeOptions: {debuggerAddress: localhost:50278}, goog:processID: 11680, networkConnectionEnabled: false, pageLoadStrategy: normal, platformName: windows, proxy: Proxy(), se:cdp: ws://localhost:50278/devtoo..., se:cdpVersion: 146.0.7680.178, setWindowRect: true, strictFileInteractability: false, timeouts: {implicit: 0, pageLoad: 300000, script: 30000}, unhandledPromptBehavior: dismiss and notify, webauthn:extension:credBlob: true, webauthn:extension:largeBlob: true, webauthn:extension:minPinLength: true, webauthn:extension:prf: true, webauthn:virtualAuthenticators: true}
Session ID: 5a2fb3d08b9f29d1d700e9e05c2361f8
at org.openqa.selenium.remote.ErrorCodec.decode(ErrorCodec.java:169)
at org.openqa.selenium.remote.codec.w3c.W3CHttpResponseCodec.decode(W3CHttpResponseCodec.java:142)
at org.openqa.selenium.remote.codec.w3c.W3CHttpResponseCodec.decode(W3CHttpResponseCodec.java:49)
at org.openqa.selenium.remote.HttpCommandExecutor.execute(HttpCommandExecutor.java:223)
at org.openqa.selenium.remote.service.DriverCommandExecutor.invokeExecute(DriverCommandExecutor.java:216)
at org.openqa.selenium.remote.service.DriverCommandExecutor.execute(DriverCommandExecutor.java:174)
at org.openqa.selenium.remote.RemoteWebDriver.execute(RemoteWebDriver.java:604)
at org.openqa.selenium.remote.ElementLocation$ElementFinder$2.findElement(ElementLocation.java:166)
at org.openqa.selenium.remote.ElementLocation.findElement(ElementLocation.java:60)
at org.openqa.selenium.remote.RemoteWebDriver.findElement(RemoteWebDriver.java:427)
at org.openqa.selenium.remote.RemoteWebDriver.findElement(RemoteWebDriver.java:421)
at MoreTools.verifyImageToTextPageUI(MoreTools.java:179)
at java.base/jdk.internal.reflect.DirectMethodHandleAccessor.invoke(DirectMethodHandleAccessor.java:103)
at java.base/java.lang.reflect.Method.invoke(Method.java:580)
at org.testng.internal.invokers.MethodInvocationHelper.invokeMethod(MethodInvocationHelper.java:141)
at org.testng.internal.invokers.TestInvoker.invokeMethod(TestInvoker.java:697)
at org.testng.internal.invokers.TestInvoker.invokeTestMethod(TestInvoker.java:230)
at org.testng.internal.invokers.MethodRunner.runInSequence(MethodRunner.java:63)
at org.testng.internal.invokers.TestInvoker$MethodInvocationAgent.invoke(TestInvoker.java:1005)
at org.testng.internal.invokers.TestInvoker.invokeTestMethods(TestInvoker.java:203)
at org.testng.internal.invokers.TestMethodWorker.invokeTestMethods(TestMethodWorker.java:154)
at org.testng.internal.invokers.TestMethodWorker.run(TestMethodWorker.java:134)
at java.base/java.util.ArrayList.forEach(ArrayList.java:1596)
at org.testng.TestRunner.privateRun(TestRunner.java:744)
at org.testng.TestRunner.run(TestRunner.java:616)
at org.testng.SuiteRunner.runTest(SuiteRunner.java:421)
at org.testng.SuiteRunner.runSequentially(SuiteRunner.java:413)
at org.testng.SuiteRunner.privateRun(SuiteRunner.java:373)
at org.testng.SuiteRunner.run(SuiteRunner.java:312)
at org.testng.SuiteRunnerWorker.runSuite(SuiteRunnerWorker.java:52)
at org.testng.SuiteRunnerWorker.run(SuiteRunnerWorker.java:95)
at org.testng.TestNG.runSuitesSequentially(TestNG.java:1274)
at org.testng.TestNG.runSuitesLocally(TestNG.java:1208)
at org.testng.TestNG.runSuites(TestNG.java:1112)
at org.testng.TestNG.run(TestNG.java:1079)
at org.testng.remote.AbstractRemoteTestNG.run(AbstractRemoteTestNG.java:115)
at org.testng.remote.RemoteTestNG.initAndRun(RemoteTestNG.java:293)
at org.testng.remote.RemoteTestNG.main(RemoteTestNG.java:91)
]]>
            </full-stacktrace>
          </exception> <!-- org.openqa.selenium.NoSuchElementException -->
          <reporter-output>
          </reporter-output>
        </test-method> <!-- verifyImageToTextPageUI -->
        <test-method is-config="true" signature="tearDown()[pri:0, instance:MoreTools@7cc0cdad]" started-at="2026-04-14T16:09:23 IST" name="tearDown" finished-at="2026-04-14T16:09:24 IST" duration-ms="156" status="PASS">
          <reporter-output>
          </reporter-output>
        </test-method> <!-- tearDown -->
      </class> <!-- MoreTools -->
    </test> <!-- Default test -->
  </suite> <!-- Default suite -->
</testng-results>
