<?xml version="1.0" encoding="UTF-8"?>
<!-- Generated by org.testng.reporters.JUnitReportReporter -->
<testsuite hostname="MSI" failures="0" tests="3" name="DocumentConverter" time="15.798" errors="0" timestamp="2026-04-14T10:30:52 IST" skipped="0">
  <testcase classname="DocumentConverter" name="verifyImageToPdfPageUI" time="8.627"/>
  <testcase classname="DocumentConverter" name="verifyPdfToWordPageUI" time="3.824"/>
  <testcase classname="DocumentConverter" name="verifyWordToPdfPageUI" time="3.347"/>
</testsuite> <!-- DocumentConverter -->
