<?xml version="1.0" encoding="UTF-8"?>
<!-- Generated by org.testng.reporters.JUnitReportReporter -->
<testsuite hostname="MSI" failures="0" tests="3" name="ResizeToolsUITest" time="9.690" errors="0" timestamp="2026-04-14T11:46:37 IST" skipped="0">
  <testcase classname="ResizeToolsUITest" name="verifyResizeImagePageUI" time="3.707"/>
  <testcase classname="ResizeToolsUITest" name="verifyImageEnlargerPageUI" time="3.119"/>
  <testcase classname="ResizeToolsUITest" name="verifyBulkResizePageUI" time="2.864"/>
</testsuite> <!-- ResizeToolsUITest -->
