<?xml version="1.0" encoding="UTF-8"?>
<!-- Generated by org.testng.reporters.JUnitReportReporter -->
<testsuite hostname="MSI" failures="0" tests="9" name="CropToolsUITest" time="43.060" errors="0" timestamp="2026-04-14T11:38:02 IST" skipped="0">
  <testcase classname="CropToolsUITest" name="verifyCropPageLoadsSuccessfully" time="20.209"/>
  <testcase classname="CropToolsUITest" name="verifyCropPageLoadsSuccessfully" time="3.307"/>
  <testcase classname="CropToolsUITest" name="verifyCropPageLoadsSuccessfully" time="3.212"/>
  <testcase classname="CropToolsUITest" name="verifyUploadSectionDisplayed" time="3.472"/>
  <testcase classname="CropToolsUITest" name="verifyUploadSectionDisplayed" time="2.675"/>
  <testcase classname="CropToolsUITest" name="verifyUploadSectionDisplayed" time="3.266"/>
  <testcase classname="CropToolsUITest" name="verifyCropAndPreviewPanelsDisplayed" time="2.048"/>
  <testcase classname="CropToolsUITest" name="verifyCropAndPreviewPanelsDisplayed" time="2.480"/>
  <testcase classname="CropToolsUITest" name="verifyCropAndPreviewPanelsDisplayed" time="2.391"/>
</testsuite> <!-- CropToolsUITest -->
