<?xml version="1.0" encoding="UTF-8"?>
<!-- Generated by org.testng.reporters.JUnitReportReporter -->
<testsuite hostname="MSI" failures="0" tests="3" name="PdfEditorUITest" time="16.534" errors="0" timestamp="2026-04-14T10:38:36 IST" skipped="0">
  <testcase classname="PdfEditorUITest" name="verifyPdfEditorPageLoadsSuccessfully" time="4.855"/>
  <testcase classname="PdfEditorUITest" name="verifyPdfEditorUIElementsDisplayed" time="5.209"/>
  <testcase classname="PdfEditorUITest" name="verifyToolbarOptionsDisplayed" time="6.470"/>
</testsuite> <!-- PdfEditorUITest -->
