<?xml version="1.0" encoding="UTF-8"?>
<!-- Generated by org.testng.reporters.JUnitReportReporter -->
<testsuite hostname="MSI" failures="1" tests="8" name="PixelsSuiteTestNG" time="28.915" errors="0" timestamp="2026-04-18T19:43:59 IST" skipped="0">
  <testcase classname="PixelsSuiteTestNG" name="verifyHomePageLoadsSuccessfully" time="2.148"/>
  <testcase classname="PixelsSuiteTestNG" name="verifyHomePageContentDisplayed" time="2.347"/>
  <testcase classname="PixelsSuiteTestNG" name="verifyNavigationLinksClickable" time="2.223"/>
  <testcase classname="PixelsSuiteTestNG" name="verifyImagesDisplayed" time="12.211">
    <failure message="No images found expected [true] but found [false]" type="java.lang.AssertionError">
      <![CDATA[java.lang.AssertionError: No images found expected [true] but found [false]
at org.testng.Assert.fail(Assert.java:111)
at org.testng.Assert.failNotEquals(Assert.java:1590)
at org.testng.Assert.assertTrue(Assert.java:57)
at PixelsSuiteTestNG.verifyImagesDisplayed(PixelsSuiteTestNG.java:112)
at java.base/jdk.internal.reflect.DirectMethodHandleAccessor.invoke(DirectMethodHandleAccessor.java:103)
at java.base/java.lang.reflect.Method.invoke(Method.java:580)
at org.testng.internal.invokers.MethodInvocationHelper.invokeMethod(MethodInvocationHelper.java:141)
at org.testng.internal.invokers.TestInvoker.invokeMethod(TestInvoker.java:697)
at org.testng.internal.invokers.TestInvoker.invokeTestMethod(TestInvoker.java:230)
at org.testng.internal.invokers.MethodRunner.runInSequence(MethodRunner.java:63)
at org.testng.internal.invokers.TestInvoker$MethodInvocationAgent.invoke(TestInvoker.java:1005)
at org.testng.internal.invokers.TestInvoker.invokeTestMethods(TestInvoker.java:203)
at org.testng.internal.invokers.TestMethodWorker.invokeTestMethods(TestMethodWorker.java:154)
at org.testng.internal.invokers.TestMethodWorker.run(TestMethodWorker.java:134)
at java.base/java.util.ArrayList.forEach(ArrayList.java:1596)
at org.testng.TestRunner.privateRun(TestRunner.java:744)
at org.testng.TestRunner.run(TestRunner.java:616)
at org.testng.SuiteRunner.runTest(SuiteRunner.java:421)
at org.testng.SuiteRunner.runSequentially(SuiteRunner.java:413)
at org.testng.SuiteRunner.privateRun(SuiteRunner.java:373)
at org.testng.SuiteRunner.run(SuiteRunner.java:312)
at org.testng.SuiteRunnerWorker.runSuite(SuiteRunnerWorker.java:52)
at org.testng.SuiteRunnerWorker.run(SuiteRunnerWorker.java:95)
at org.testng.TestNG.runSuitesSequentially(TestNG.java:1274)
at org.testng.TestNG.runSuitesLocally(TestNG.java:1208)
at org.testng.TestNG.runSuites(TestNG.java:1112)
at org.testng.TestNG.run(TestNG.java:1079)
at org.testng.remote.AbstractRemoteTestNG.run(AbstractRemoteTestNG.java:115)
at org.testng.remote.RemoteTestNG.initAndRun(RemoteTestNG.java:293)
at org.testng.remote.RemoteTestNG.main(RemoteTestNG.java:91)
]]>
    </failure>
  </testcase> <!-- verifyImagesDisplayed -->
  <testcase classname="PixelsSuiteTestNG" name="verifyButtonsDisplayed" time="3.477"/>
  <testcase classname="PixelsSuiteTestNG" name="verifyPageNot404" time="2.219"/>
  <testcase classname="PixelsSuiteTestNG" name="verifyToolKeywordsVisible" time="2.055"/>
  <testcase classname="PixelsSuiteTestNG" name="verifyPageSourceNotEmpty" time="2.235"/>
</testsuite> <!-- PixelsSuiteTestNG -->
