<?xml version="1.0" encoding="UTF-8"?>
<!-- Generated by org.testng.reporters.JUnitReportReporter -->
<testsuite hostname="MSI" failures="0" tests="3" name="Compress" time="14.517" errors="0" timestamp="2026-04-14T16:00:28 IST" skipped="0">
  <testcase classname="Compress" name="verifyCompressImagePageUI" time="4.538"/>
  <testcase classname="Compress" name="verifyPngCompressorPageUI" time="5.776"/>
  <testcase classname="Compress" name="verifyGifCompressorPageUI" time="4.203"/>
</testsuite> <!-- Compress -->
