<?xml version="1.0" encoding="UTF-8"?>
<!-- Generated by org.testng.reporters.JUnitReportReporter -->
<testsuite hostname="MSI" failures="0" tests="9" name="ImageConverter" time="34.763" errors="0" timestamp="2026-04-14T16:05:27 IST" skipped="0">
  <testcase classname="ImageConverter" name="verifyConvertPageLoadsSuccessfully" time="4.974"/>
  <testcase classname="ImageConverter" name="verifyConvertPageLoadsSuccessfully" time="2.426"/>
  <testcase classname="ImageConverter" name="verifyConvertPageLoadsSuccessfully" time="3.246"/>
  <testcase classname="ImageConverter" name="verifyUploadSectionDisplayed" time="3.546"/>
  <testcase classname="ImageConverter" name="verifyUploadSectionDisplayed" time="4.691"/>
  <testcase classname="ImageConverter" name="verifyUploadSectionDisplayed" time="3.006"/>
  <testcase classname="ImageConverter" name="verifyConvertAndPreviewPanelsDisplayed" time="4.094"/>
  <testcase classname="ImageConverter" name="verifyConvertAndPreviewPanelsDisplayed" time="4.025"/>
  <testcase classname="ImageConverter" name="verifyConvertAndPreviewPanelsDisplayed" time="4.755"/>
</testsuite> <!-- ImageConverter -->
